<?xml version="1.0" encoding="UTF-8"?>
<!-- Generated by org.testng.reporters.JUnitXMLReporter -->
<testsuite ignored="1" hostname="Sandeeps-MacBook-Air.local" failures="0" tests="5" name="Chrome Tests" time="276.447" errors="0" timestamp="2025-01-26T21:51:44 IST">
  <testcase classname="com.kunal.seleniumassignment.tests.ErailTest" name="testErailDropdownAndDateSelection" time="143.597"/>
  <testcase classname="com.kunal.seleniumassignment.tests.OrangeHRMTest" name="testLogin" time="50.207"/>
  <testcase classname="com.kunal.seleniumassignment.tests.OrangeHRMTest" name="testLogin" time="12.829"/>
  <testcase classname="com.kunal.seleniumassignment.tests.OrangeHRMTest" name="testLogin" time="41.333"/>
  <testcase classname="com.kunal.seleniumassignment.tests.OrangeHRMTest" name="testLogin" time="24.122"/>
  <testcase classname="com.kunal.seleniumassignment.tests.BaseTest" name="@AfterSuite tearDown" time="0.0">
    <ignored/>
  </testcase> <!-- @AfterSuite tearDown -->
</testsuite> <!-- Chrome Tests -->
