<?xml version="1.0" encoding="UTF-8"?>
<testng-results ignored="1" total="6" passed="5" failed="0" skipped="0">
  <reporter-output>
  </reporter-output>
  <suite started-at="2025-01-26T21:47:08 IST" name="CrossBrowser Suite" finished-at="2025-01-26T21:51:44 IST" duration-ms="276447">
    <groups>
    </groups>
    <test started-at="2025-01-26T21:47:08 IST" name="Chrome Tests" finished-at="2025-01-26T21:51:44 IST" duration-ms="276447">
      <class name="com.kunal.seleniumassignment.tests.OrangeHRMTest">
        <test-method is-config="true" signature="setup(java.lang.String)[pri:0, instance:com.kunal.seleniumassignment.tests.OrangeHRMTest@1df8b5b8]" started-at="2025-01-26T21:49:33 IST" name="setup" finished-at="2025-01-26T21:49:33 IST" duration-ms="0" status="PASS">
          <params>
            <param index="0">
              <value>
                <![CDATA[chrome]]>
              </value>
            </param>
          </params>
          <reporter-output>
          </reporter-output>
        </test-method> <!-- setup -->
        <test-method is-config="true" signature="beforeTest(java.lang.String,java.lang.String)[pri:0, instance:com.kunal.seleniumassignment.tests.OrangeHRMTest@1df8b5b8]" started-at="2025-01-26T21:49:33 IST" name="beforeTest" finished-at="2025-01-26T21:49:34 IST" duration-ms="1013" status="PASS">
          <params>
            <param index="0">
              <value>
                <![CDATA[chrome]]>
              </value>
            </param>
            <param index="1">
              <value>
                <![CDATA[true]]>
              </value>
            </param>
          </params>
          <reporter-output>
          </reporter-output>
        </test-method> <!-- beforeTest -->
        <test-method signature="testLogin(java.lang.String,java.lang.String)[pri:0, instance:com.kunal.seleniumassignment.tests.OrangeHRMTest@1df8b5b8]" started-at="2025-01-26T21:49:34 IST" name="testLogin" description="Validates login functionality with various credentials" data-provider="loginData" finished-at="2025-01-26T21:50:24 IST" duration-ms="50207" status="PASS">
          <params>
            <param index="0">
              <value>
                <![CDATA[Admin]]>
              </value>
            </param>
            <param index="1">
              <value>
                <![CDATA[admin123]]>
              </value>
            </param>
          </params>
          <reporter-output>
          </reporter-output>
        </test-method> <!-- testLogin -->
        <test-method is-config="true" signature="afterTest()[pri:0, instance:com.kunal.seleniumassignment.tests.OrangeHRMTest@1df8b5b8]" started-at="2025-01-26T21:50:24 IST" name="afterTest" finished-at="2025-01-26T21:50:24 IST" duration-ms="92" status="PASS">
          <reporter-output>
          </reporter-output>
        </test-method> <!-- afterTest -->
        <test-method is-config="true" signature="beforeTest(java.lang.String,java.lang.String)[pri:0, instance:com.kunal.seleniumassignment.tests.OrangeHRMTest@1df8b5b8]" started-at="2025-01-26T21:50:24 IST" name="beforeTest" finished-at="2025-01-26T21:50:24 IST" duration-ms="540" status="PASS">
          <params>
            <param index="0">
              <value>
                <![CDATA[chrome]]>
              </value>
            </param>
            <param index="1">
              <value>
                <![CDATA[true]]>
              </value>
            </param>
          </params>
          <reporter-output>
          </reporter-output>
        </test-method> <!-- beforeTest -->
        <test-method signature="testLogin(java.lang.String,java.lang.String)[pri:0, instance:com.kunal.seleniumassignment.tests.OrangeHRMTest@1df8b5b8]" started-at="2025-01-26T21:50:24 IST" name="testLogin" description="Validates login functionality with various credentials" data-provider="loginData" finished-at="2025-01-26T21:50:37 IST" duration-ms="12829" status="PASS">
          <params>
            <param index="0">
              <value>
                <![CDATA[]]>
              </value>
            </param>
            <param index="1">
              <value>
                <![CDATA[admin123]]>
              </value>
            </param>
          </params>
          <reporter-output>
          </reporter-output>
        </test-method> <!-- testLogin -->
        <test-method is-config="true" signature="afterTest()[pri:0, instance:com.kunal.seleniumassignment.tests.OrangeHRMTest@1df8b5b8]" started-at="2025-01-26T21:50:37 IST" name="afterTest" finished-at="2025-01-26T21:50:37 IST" duration-ms="85" status="PASS">
          <reporter-output>
          </reporter-output>
        </test-method> <!-- afterTest -->
        <test-method is-config="true" signature="beforeTest(java.lang.String,java.lang.String)[pri:0, instance:com.kunal.seleniumassignment.tests.OrangeHRMTest@1df8b5b8]" started-at="2025-01-26T21:50:37 IST" name="beforeTest" finished-at="2025-01-26T21:50:38 IST" duration-ms="526" status="PASS">
          <params>
            <param index="0">
              <value>
                <![CDATA[chrome]]>
              </value>
            </param>
            <param index="1">
              <value>
                <![CDATA[true]]>
              </value>
            </param>
          </params>
          <reporter-output>
          </reporter-output>
        </test-method> <!-- beforeTest -->
        <test-method signature="testLogin(java.lang.String,java.lang.String)[pri:0, instance:com.kunal.seleniumassignment.tests.OrangeHRMTest@1df8b5b8]" started-at="2025-01-26T21:50:38 IST" name="testLogin" description="Validates login functionality with various credentials" data-provider="loginData" finished-at="2025-01-26T21:51:19 IST" duration-ms="41333" status="PASS">
          <params>
            <param index="0">
              <value>
                <![CDATA[Admin]]>
              </value>
            </param>
            <param index="1">
              <value>
                <![CDATA[]]>
              </value>
            </param>
          </params>
          <reporter-output>
          </reporter-output>
        </test-method> <!-- testLogin -->
        <test-method is-config="true" signature="afterTest()[pri:0, instance:com.kunal.seleniumassignment.tests.OrangeHRMTest@1df8b5b8]" started-at="2025-01-26T21:51:19 IST" name="afterTest" finished-at="2025-01-26T21:51:19 IST" duration-ms="88" status="PASS">
          <reporter-output>
          </reporter-output>
        </test-method> <!-- afterTest -->
        <test-method is-config="true" signature="beforeTest(java.lang.String,java.lang.String)[pri:0, instance:com.kunal.seleniumassignment.tests.OrangeHRMTest@1df8b5b8]" started-at="2025-01-26T21:51:19 IST" name="beforeTest" finished-at="2025-01-26T21:51:20 IST" duration-ms="512" status="PASS">
          <params>
            <param index="0">
              <value>
                <![CDATA[chrome]]>
              </value>
            </param>
            <param index="1">
              <value>
                <![CDATA[true]]>
              </value>
            </param>
          </params>
          <reporter-output>
          </reporter-output>
        </test-method> <!-- beforeTest -->
        <test-method signature="testLogin(java.lang.String,java.lang.String)[pri:0, instance:com.kunal.seleniumassignment.tests.OrangeHRMTest@1df8b5b8]" started-at="2025-01-26T21:51:20 IST" name="testLogin" description="Validates login functionality with various credentials" data-provider="loginData" finished-at="2025-01-26T21:51:44 IST" duration-ms="24122" status="PASS">
          <params>
            <param index="0">
              <value>
                <![CDATA[testUser]]>
              </value>
            </param>
            <param index="1">
              <value>
                <![CDATA[testPass]]>
              </value>
            </param>
          </params>
          <reporter-output>
          </reporter-output>
        </test-method> <!-- testLogin -->
        <test-method is-config="true" signature="afterTest()[pri:0, instance:com.kunal.seleniumassignment.tests.OrangeHRMTest@1df8b5b8]" started-at="2025-01-26T21:51:44 IST" name="afterTest" finished-at="2025-01-26T21:51:44 IST" duration-ms="89" status="PASS">
          <reporter-output>
          </reporter-output>
        </test-method> <!-- afterTest -->
      </class> <!-- com.kunal.seleniumassignment.tests.OrangeHRMTest -->
      <class name="com.kunal.seleniumassignment.tests.ErailTest">
        <test-method is-config="true" signature="setup(java.lang.String)[pri:0, instance:com.kunal.seleniumassignment.tests.ErailTest@5e21e98f]" started-at="2025-01-26T21:47:08 IST" name="setup" finished-at="2025-01-26T21:47:08 IST" duration-ms="84" status="PASS">
          <params>
            <param index="0">
              <value>
                <![CDATA[chrome]]>
              </value>
            </param>
          </params>
          <reporter-output>
          </reporter-output>
        </test-method> <!-- setup -->
        <test-method is-config="true" signature="beforeTest(java.lang.String,java.lang.String)[pri:0, instance:com.kunal.seleniumassignment.tests.ErailTest@5e21e98f]" started-at="2025-01-26T21:47:08 IST" name="beforeTest" finished-at="2025-01-26T21:47:09 IST" duration-ms="1084" status="PASS">
          <params>
            <param index="0">
              <value>
                <![CDATA[chrome]]>
              </value>
            </param>
            <param index="1">
              <value>
                <![CDATA[true]]>
              </value>
            </param>
          </params>
          <reporter-output>
          </reporter-output>
        </test-method> <!-- beforeTest -->
        <test-method signature="testErailDropdownAndDateSelection()[pri:0, instance:com.kunal.seleniumassignment.tests.ErailTest@5e21e98f]" started-at="2025-01-26T21:47:09 IST" name="testErailDropdownAndDateSelection" description="Validates dropdown functionality and date selection on the ERAIL website" finished-at="2025-01-26T21:49:32 IST" duration-ms="143597" status="PASS">
          <reporter-output>
          </reporter-output>
        </test-method> <!-- testErailDropdownAndDateSelection -->
        <test-method is-config="true" signature="afterTest()[pri:0, instance:com.kunal.seleniumassignment.tests.ErailTest@5e21e98f]" started-at="2025-01-26T21:49:32 IST" name="afterTest" finished-at="2025-01-26T21:49:33 IST" duration-ms="211" status="PASS">
          <reporter-output>
          </reporter-output>
        </test-method> <!-- afterTest -->
        <test-method is-config="true" signature="tearDown()[pri:0, instance:com.kunal.seleniumassignment.tests.ErailTest@5e21e98f]" started-at="2025-01-26T21:51:44 IST" name="tearDown" finished-at="2025-01-26T21:51:44 IST" duration-ms="131" status="PASS">
          <reporter-output>
          </reporter-output>
        </test-method> <!-- tearDown -->
      </class> <!-- com.kunal.seleniumassignment.tests.ErailTest -->
    </test> <!-- Chrome Tests -->
  </suite> <!-- CrossBrowser Suite -->
</testng-results>
